2026-01-01 20:17:43.580 INFO  [main] cmc.delta.DeltaApplication profiles=local traceId= - Starting DeltaApplication using Java 17.0.16 with PID 5353 (/Users/parkjihun/Desktop/delta/build/classes/java/main started by parkjihun in /Users/parkjihun/Desktop/delta)
2026-01-01 20:17:43.581 DEBUG [main] cmc.delta.DeltaApplication profiles=local traceId= - Running with Spring Boot v3.5.7, Spring v6.2.12
2026-01-01 20:17:43.581 INFO  [main] cmc.delta.DeltaApplication profiles=local traceId= - The following 1 profile is active: "local"
2026-01-01 20:17:43.855 INFO  [main] o.s.d.r.c.RepositoryConfigurationDelegate profiles=local traceId= - Multiple Spring Data modules found, entering strict repository configuration mode
2026-01-01 20:17:43.855 INFO  [main] o.s.d.r.c.RepositoryConfigurationDelegate profiles=local traceId= - Bootstrapping Spring Data JPA repositories in DEFAULT mode.
2026-01-01 20:17:43.862 INFO  [main] o.s.d.r.c.RepositoryConfigurationDelegate profiles=local traceId= - Finished Spring Data repository scanning in 3 ms. Found 0 JPA repository interfaces.
2026-01-01 20:17:43.868 INFO  [main] o.s.d.r.c.RepositoryConfigurationDelegate profiles=local traceId= - Multiple Spring Data modules found, entering strict repository configuration mode
2026-01-01 20:17:43.868 INFO  [main] o.s.d.r.c.RepositoryConfigurationDelegate profiles=local traceId= - Bootstrapping Spring Data Redis repositories in DEFAULT mode.
2026-01-01 20:17:43.872 INFO  [main] o.s.d.r.c.RepositoryConfigurationDelegate profiles=local traceId= - Finished Spring Data repository scanning in 0 ms. Found 0 Redis repository interfaces.
2026-01-01 20:17:44.057 INFO  [main] o.s.b.w.e.tomcat.TomcatWebServer profiles=local traceId= - Tomcat initialized with port 8080 (http)
2026-01-01 20:17:44.062 INFO  [main] o.a.coyote.http11.Http11NioProtocol profiles=local traceId= - Initializing ProtocolHandler ["http-nio-8080"]
2026-01-01 20:17:44.063 INFO  [main] o.a.catalina.core.StandardService profiles=local traceId= - Starting service [Tomcat]
2026-01-01 20:17:44.063 INFO  [main] o.a.catalina.core.StandardEngine profiles=local traceId= - Starting Servlet engine: [Apache Tomcat/10.1.48]
2026-01-01 20:17:44.083 INFO  [main] o.a.c.c.C.[Tomcat].[localhost].[/] profiles=local traceId= - Initializing Spring embedded WebApplicationContext
2026-01-01 20:17:44.083 INFO  [main] o.s.b.w.s.c.ServletWebServerApplicationContext profiles=local traceId= - Root WebApplicationContext: initialization completed in 492 ms
2026-01-01 20:17:44.244 INFO  [main] o.s.o.j.p.SpringPersistenceUnitInfo profiles=local traceId= - No LoadTimeWeaver setup: ignoring JPA class transformer
2026-01-01 20:17:44.252 INFO  [main] com.zaxxer.hikari.HikariDataSource profiles=local traceId= - HikariPool-1 - Starting...
2026-01-01 20:17:44.357 INFO  [main] com.zaxxer.hikari.pool.HikariPool profiles=local traceId= - HikariPool-1 - Added connection com.mysql.cj.jdbc.ConnectionImpl@3bb4c2b2
2026-01-01 20:17:44.357 INFO  [main] com.zaxxer.hikari.HikariDataSource profiles=local traceId= - HikariPool-1 - Start completed.
2026-01-01 20:17:44.375 WARN  [main] org.hibernate.orm.deprecation profiles=local traceId= - HHH90000025: MySQL8Dialect does not need to be specified explicitly using 'hibernate.dialect' (remove the property setting and it will be selected by default)
2026-01-01 20:17:44.376 WARN  [main] org.hibernate.orm.deprecation profiles=local traceId= - HHH90000026: MySQL8Dialect has been deprecated; use org.hibernate.dialect.MySQLDialect instead
2026-01-01 20:17:44.474 INFO  [main] o.s.o.j.LocalContainerEntityManagerFactoryBean profiles=local traceId= - Initialized JPA EntityManagerFactory for persistence unit 'default'
2026-01-01 20:17:44.787 WARN  [main] o.s.b.a.s.s.UserDetailsServiceAutoConfiguration profiles=local traceId= - 

Using generated security password: 90a3a033-c2a0-4b28-945e-2cbb54533c8d

This generated password is for development use only. Your security configuration must be updated before running your application in production.

2026-01-01 20:17:44.790 INFO  [main] o.s.s.c.a.a.c.InitializeUserDetailsBeanManagerConfigurer$InitializeUserDetailsManagerConfigurer profiles=local traceId= - Global AuthenticationManager configured with UserDetailsService bean with name inMemoryUserDetailsManager
2026-01-01 20:17:44.831 INFO  [main] o.a.coyote.http11.Http11NioProtocol profiles=local traceId= - Starting ProtocolHandler ["http-nio-8080"]
2026-01-01 20:17:44.835 INFO  [main] o.s.b.w.e.tomcat.TomcatWebServer profiles=local traceId= - Tomcat started on port 8080 (http) with context path '/'
2026-01-01 20:17:44.839 INFO  [main] cmc.delta.DeltaApplication profiles=local traceId= - Started DeltaApplication in 1.416 seconds (process running for 1.611)
2026-01-01 20:20:13.225 INFO  [SpringApplicationShutdownHook] o.s.b.w.e.tomcat.GracefulShutdown profiles=local traceId= - Commencing graceful shutdown. Waiting for active requests to complete
2026-01-01 20:20:13.230 INFO  [tomcat-shutdown] o.s.b.w.e.tomcat.GracefulShutdown profiles=local traceId= - Graceful shutdown complete
2026-01-01 20:20:13.251 INFO  [SpringApplicationShutdownHook] o.s.o.j.LocalContainerEntityManagerFactoryBean profiles=local traceId= - Closing JPA EntityManagerFactory for persistence unit 'default'
2026-01-01 20:20:13.252 INFO  [SpringApplicationShutdownHook] com.zaxxer.hikari.HikariDataSource profiles=local traceId= - HikariPool-1 - Shutdown initiated...
2026-01-01 20:20:13.254 INFO  [SpringApplicationShutdownHook] com.zaxxer.hikari.HikariDataSource profiles=local traceId= - HikariPool-1 - Shutdown completed.
2026-01-01 20:21:25.600 INFO  [main] cmc.delta.DeltaApplication profiles=local traceId= - Starting DeltaApplication using Java 17.0.16 with PID 5413 (/Users/parkjihun/Desktop/delta/build/classes/java/main started by parkjihun in /Users/parkjihun/Desktop/delta)
2026-01-01 20:21:25.600 DEBUG [main] cmc.delta.DeltaApplication profiles=local traceId= - Running with Spring Boot v3.5.7, Spring v6.2.12
2026-01-01 20:21:25.600 INFO  [main] cmc.delta.DeltaApplication profiles=local traceId= - The following 1 profile is active: "local"
2026-01-01 20:21:25.896 INFO  [main] o.s.d.r.c.RepositoryConfigurationDelegate profiles=local traceId= - Multiple Spring Data modules found, entering strict repository configuration mode
2026-01-01 20:21:25.897 INFO  [main] o.s.d.r.c.RepositoryConfigurationDelegate profiles=local traceId= - Bootstrapping Spring Data JPA repositories in DEFAULT mode.
2026-01-01 20:21:25.905 INFO  [main] o.s.d.r.c.RepositoryConfigurationDelegate profiles=local traceId= - Finished Spring Data repository scanning in 4 ms. Found 0 JPA repository interfaces.
2026-01-01 20:21:25.912 INFO  [main] o.s.d.r.c.RepositoryConfigurationDelegate profiles=local traceId= - Multiple Spring Data modules found, entering strict repository configuration mode
2026-01-01 20:21:25.913 INFO  [main] o.s.d.r.c.RepositoryConfigurationDelegate profiles=local traceId= - Bootstrapping Spring Data Redis repositories in DEFAULT mode.
2026-01-01 20:21:25.919 INFO  [main] o.s.d.r.c.RepositoryConfigurationDelegate profiles=local traceId= - Finished Spring Data repository scanning in 0 ms. Found 0 Redis repository interfaces.
2026-01-01 20:21:26.144 INFO  [main] o.s.b.w.e.tomcat.TomcatWebServer profiles=local traceId= - Tomcat initialized with port 8080 (http)
2026-01-01 20:21:26.150 INFO  [main] o.a.coyote.http11.Http11NioProtocol profiles=local traceId= - Initializing ProtocolHandler ["http-nio-8080"]
2026-01-01 20:21:26.150 INFO  [main] o.a.catalina.core.StandardService profiles=local traceId= - Starting service [Tomcat]
2026-01-01 20:21:26.150 INFO  [main] o.a.catalina.core.StandardEngine profiles=local traceId= - Starting Servlet engine: [Apache Tomcat/10.1.48]
2026-01-01 20:21:26.175 INFO  [main] o.a.c.c.C.[Tomcat].[localhost].[/] profiles=local traceId= - Initializing Spring embedded WebApplicationContext
2026-01-01 20:21:26.175 INFO  [main] o.s.b.w.s.c.ServletWebServerApplicationContext profiles=local traceId= - Root WebApplicationContext: initialization completed in 564 ms
2026-01-01 20:21:26.362 INFO  [main] o.s.o.j.p.SpringPersistenceUnitInfo profiles=local traceId= - No LoadTimeWeaver setup: ignoring JPA class transformer
2026-01-01 20:21:26.373 INFO  [main] com.zaxxer.hikari.HikariDataSource profiles=local traceId= - HikariPool-1 - Starting...
2026-01-01 20:21:26.473 INFO  [main] com.zaxxer.hikari.pool.HikariPool profiles=local traceId= - HikariPool-1 - Added connection com.mysql.cj.jdbc.ConnectionImpl@15d0b458
2026-01-01 20:21:26.474 INFO  [main] com.zaxxer.hikari.HikariDataSource profiles=local traceId= - HikariPool-1 - Start completed.
2026-01-01 20:21:26.489 WARN  [main] org.hibernate.orm.deprecation profiles=local traceId= - HHH90000025: MySQL8Dialect does not need to be specified explicitly using 'hibernate.dialect' (remove the property setting and it will be selected by default)
2026-01-01 20:21:26.490 WARN  [main] org.hibernate.orm.deprecation profiles=local traceId= - HHH90000026: MySQL8Dialect has been deprecated; use org.hibernate.dialect.MySQLDialect instead
2026-01-01 20:21:26.623 INFO  [main] o.s.o.j.LocalContainerEntityManagerFactoryBean profiles=local traceId= - Initialized JPA EntityManagerFactory for persistence unit 'default'
2026-01-01 20:21:26.963 WARN  [main] o.s.b.a.s.s.UserDetailsServiceAutoConfiguration profiles=local traceId= - 

Using generated security password: dc293d2c-e593-4a18-b66c-cc44817779ae

This generated password is for development use only. Your security configuration must be updated before running your application in production.

2026-01-01 20:21:26.965 INFO  [main] o.s.s.c.a.a.c.InitializeUserDetailsBeanManagerConfigurer$InitializeUserDetailsManagerConfigurer profiles=local traceId= - Global AuthenticationManager configured with UserDetailsService bean with name inMemoryUserDetailsManager
2026-01-01 20:21:27.008 INFO  [main] o.a.coyote.http11.Http11NioProtocol profiles=local traceId= - Starting ProtocolHandler ["http-nio-8080"]
2026-01-01 20:21:27.013 INFO  [main] o.s.b.w.e.tomcat.TomcatWebServer profiles=local traceId= - Tomcat started on port 8080 (http) with context path '/'
2026-01-01 20:21:27.019 INFO  [main] cmc.delta.DeltaApplication profiles=local traceId= - Started DeltaApplication in 1.58 seconds (process running for 1.802)
2026-01-01 20:21:36.695 INFO  [SpringApplicationShutdownHook] o.s.b.w.e.tomcat.GracefulShutdown profiles=local traceId= - Commencing graceful shutdown. Waiting for active requests to complete
2026-01-01 20:21:36.697 INFO  [tomcat-shutdown] o.s.b.w.e.tomcat.GracefulShutdown profiles=local traceId= - Graceful shutdown complete
2026-01-01 20:21:36.713 INFO  [SpringApplicationShutdownHook] o.s.o.j.LocalContainerEntityManagerFactoryBean profiles=local traceId= - Closing JPA EntityManagerFactory for persistence unit 'default'
2026-01-01 20:21:36.713 INFO  [SpringApplicationShutdownHook] com.zaxxer.hikari.HikariDataSource profiles=local traceId= - HikariPool-1 - Shutdown initiated...
2026-01-01 20:21:36.716 INFO  [SpringApplicationShutdownHook] com.zaxxer.hikari.HikariDataSource profiles=local traceId= - HikariPool-1 - Shutdown completed.
